<?xml version="1.0" encoding="UTF-8"?>
<!-- Generated by org.testng.reporters.JUnitXMLReporter -->
<testsuite ignored="0" hostname="DESKTOP-H9H9UJC" failures="1" tests="1" name="Test(failed)" time="94.725" errors="0" timestamp="2023-06-03T19:05:09 IST">
  <testcase classname="testPackage.ValidLoginTestCase" name="validLoginMethod" time="0.529">
    <failure type="java.io.FileNotFoundException" message=".\src\tes\resources\config1.properties (The system cannot find the path specified)">
      <![CDATA[java.io.FileNotFoundException: .\src\tes\resources\config1.properties (The system cannot find the path specified)
at java.base/java.io.FileInputStream.open0(Native Method)
at java.base/java.io.FileInputStream.open(FileInputStream.java:216)
at java.base/java.io.FileInputStream.<init>(FileInputStream.java:157)
at java.base/java.io.FileInputStream.<init>(FileInputStream.java:111)
at genericPackage.Flib.readPropertyData(Flib.java:53)
at testPackage.ValidLoginTestCase.validLoginMethod(ValidLoginTestCase.java:17)
at java.base/java.util.ArrayList.forEach(ArrayList.java:1511)
... Removed 25 stack frames]]>
    </failure>
  </testcase> <!-- validLoginMethod -->
</testsuite> <!-- Test(failed) -->
