<?xml version="1.0" encoding="UTF-8"?>
<testng-results ignored="0" total="1" passed="1" failed="0" skipped="0">
  <reporter-output>
  </reporter-output>
  <suite started-at="2023-06-03T20:01:32 IST" name="Suite" finished-at="2023-06-03T20:01:48 IST" duration-ms="15229">
    <groups>
    </groups>
    <test started-at="2023-06-03T20:01:32 IST" name="Test" finished-at="2023-06-03T20:01:48 IST" duration-ms="15229">
      <class name="testPackage.ValidLoginTestCase">
        <test-method is-config="true" signature="setUp()[pri:0, instance:testPackage.ValidLoginTestCase@62150f9e]" started-at="2023-06-03T20:01:32 IST" name="setUp" finished-at="2023-06-03T20:01:47 IST" duration-ms="14475" status="PASS">
          <reporter-output>
          </reporter-output>
        </test-method> <!-- setUp -->
        <test-method signature="validLoginMethod()[pri:0, instance:testPackage.ValidLoginTestCase@62150f9e]" started-at="2023-06-03T20:01:47 IST" name="validLoginMethod" finished-at="2023-06-03T20:01:48 IST" duration-ms="657" status="PASS">
          <reporter-output>
          </reporter-output>
        </test-method> <!-- validLoginMethod -->
      </class> <!-- testPackage.ValidLoginTestCase -->
    </test> <!-- Test -->
  </suite> <!-- Suite -->
</testng-results>
