<?xml version="1.0" encoding="UTF-8"?>
<testng-results ignored="0" total="1" passed="1" failed="0" skipped="0">
  <reporter-output>
    <line>
      <![CDATA[Test Started!!]]>
    </line>
    <line>
      <![CDATA[Browser open and test will start]]>
    </line>
    <line>
      <![CDATA[TestCase executed successfully]]>
    </line>
  </reporter-output>
  <suite started-at="2023-06-03T09:36:32 IST" name="Default suite" finished-at="2023-06-03T09:38:46 IST" duration-ms="133618">
    <groups>
    </groups>
    <test started-at="2023-06-03T09:36:32 IST" name="Default test" finished-at="2023-06-03T09:38:46 IST" duration-ms="133618">
      <class name="testPackage.ValidLoginTestCase">
        <test-method is-config="true" signature="setUp()[pri:0, instance:testPackage.ValidLoginTestCase@6f96c77]" started-at="2023-06-03T09:36:32 IST" name="setUp" finished-at="2023-06-03T09:36:59 IST" duration-ms="27214" status="PASS">
          <reporter-output>
          </reporter-output>
        </test-method> <!-- setUp -->
        <test-method signature="validTestCase()[pri:0, instance:testPackage.ValidLoginTestCase@6f96c77]" started-at="2023-06-03T09:36:59 IST" name="validTestCase" finished-at="2023-06-03T09:38:46 IST" duration-ms="106134" status="PASS">
          <reporter-output>
            <line>
              <![CDATA[Browser open and test will start]]>
            </line>
            <line>
              <![CDATA[TestCase executed successfully]]>
            </line>
          </reporter-output>
        </test-method> <!-- validTestCase -->
      </class> <!-- testPackage.ValidLoginTestCase -->
    </test> <!-- Default test -->
  </suite> <!-- Default suite -->
</testng-results>
