<?xml version="1.0" encoding="UTF-8"?>
<!-- Generated by org.testng.reporters.JUnitXMLReporter -->
<testsuite ignored="0" hostname="DESKTOP-H9H9UJC" failures="0" tests="3" name="Test" time="84.142" errors="0" timestamp="2023-05-23T14:19:08 IST">
  <testcase classname="testNGAnnotations.GoogleSearchTestCase" name="f" time="20.56"/>
  <testcase classname="testNGAnnotations.GoogleSearchTestCase" name="g" time="5.223"/>
  <testcase classname="testNGAnnotations.GoogleSearchTestCase" name="h" time="0.428"/>
</testsuite> <!-- Test -->
