<?xml version="1.0" encoding="UTF-8"?>
<!-- Generated by org.testng.reporters.JUnitXMLReporter -->
<testsuite ignored="6" hostname="DESKTOP-H9H9UJC" failures="0" tests="3" name="Test" time="0.196" errors="0" timestamp="2023-05-29T19:07:46 IST">
  <testcase classname="testNGFlags.GroupsFlag" name="it1" time="0.057"/>
  <testcase classname="testNGFlags.GroupsFlag" name="it2" time="0.003"/>
  <testcase classname="testNGFlags.GroupsFlag" name="it3" time="0.003"/>
  <testcase classname="testNGFlags.GroupsFlag" name="st3" time="0.0">
    <ignored/>
  </testcase> <!-- st3 -->
  <testcase classname="testNGFlags.GroupsFlag" name="st2" time="0.0">
    <ignored/>
  </testcase> <!-- st2 -->
  <testcase classname="testNGFlags.GroupsFlag" name="st1" time="0.0">
    <ignored/>
  </testcase> <!-- st1 -->
  <testcase classname="testNGFlags.GroupsFlag" name="ft1" time="0.0">
    <ignored/>
  </testcase> <!-- ft1 -->
  <testcase classname="testNGFlags.GroupsFlag" name="ft3" time="0.0">
    <ignored/>
  </testcase> <!-- ft3 -->
  <testcase classname="testNGFlags.GroupsFlag" name="ft2" time="0.0">
    <ignored/>
  </testcase> <!-- ft2 -->
</testsuite> <!-- Test -->
