<?xml version="1.0" encoding="UTF-8"?>
<!-- Generated by org.testng.reporters.JUnitXMLReporter -->
<testsuite ignored="0" hostname="DESKTOP-H9H9UJC" failures="0" tests="3" name="Default test" time="0.211" errors="0" timestamp="2023-05-26T19:33:57 IST">
  <testcase classname="testNGFlags.DependsOnFlag" name="loginMethod" time="0.027"/>
  <testcase classname="testNGFlags.DependsOnFlag" name="userCreateMethod" time="0.004"/>
  <testcase classname="testNGFlags.DependsOnFlag" name="logoutMethod" time="0.005"/>
</testsuite> <!-- Default test -->
