<?xml version="1.0" encoding="UTF-8"?>
<!-- Generated by org.testng.reporters.JUnitXMLReporter -->
<testsuite ignored="0" hostname="DESKTOP-H9H9UJC" failures="0" tests="5" name="Default test" time="387.298" errors="0" timestamp="2023-05-30T22:51:27 IST">
  <testcase classname="dynamicScreenShot.ActitimeDataProvider" name="loginInvalid" time="18.997"/>
  <testcase classname="dynamicScreenShot.ActitimeDataProvider" name="loginInvalid" time="19.273"/>
  <testcase classname="dynamicScreenShot.ActitimeDataProvider" name="loginInvalid" time="3.869"/>
  <testcase classname="dynamicScreenShot.ActitimeDataProvider" name="loginInvalid" time="2.75"/>
  <testcase classname="dynamicScreenShot.ActitimeDataProvider" name="loginInvalid" time="5.829"/>
</testsuite> <!-- Default test -->
