<?xml version="1.0" encoding="UTF-8"?>
<testng-results ignored="6" total="9" passed="3" failed="0" skipped="0">
  <reporter-output>
    <line>
      <![CDATA[ITC1]]>
    </line>
    <line>
      <![CDATA[ITC2]]>
    </line>
    <line>
      <![CDATA[ITC3]]>
    </line>
  </reporter-output>
  <suite started-at="2023-05-29T19:07:45 IST" name="Suite" finished-at="2023-05-29T19:07:46 IST" duration-ms="196">
    <groups>
      <group name="Integration Testing">
        <method signature="GroupsFlag.it1()[pri:0, instance:testNGFlags.GroupsFlag@5223e5ee]" name="it1" class="testNGFlags.GroupsFlag"/>
        <method signature="GroupsFlag.it2()[pri:0, instance:testNGFlags.GroupsFlag@5223e5ee]" name="it2" class="testNGFlags.GroupsFlag"/>
        <method signature="GroupsFlag.it3()[pri:0, instance:testNGFlags.GroupsFlag@5223e5ee]" name="it3" class="testNGFlags.GroupsFlag"/>
      </group> <!-- Integration Testing -->
    </groups>
    <test started-at="2023-05-29T19:07:45 IST" name="Test" finished-at="2023-05-29T19:07:46 IST" duration-ms="196">
      <class name="testNGFlags.GroupsFlag">
        <test-method signature="it1()[pri:0, instance:testNGFlags.GroupsFlag@5223e5ee]" started-at="2023-05-29T19:07:45 IST" name="it1" finished-at="2023-05-29T19:07:46 IST" duration-ms="57" status="PASS">
          <reporter-output>
            <line>
              <![CDATA[ITC1]]>
            </line>
          </reporter-output>
        </test-method> <!-- it1 -->
        <test-method signature="it2()[pri:0, instance:testNGFlags.GroupsFlag@5223e5ee]" started-at="2023-05-29T19:07:46 IST" name="it2" finished-at="2023-05-29T19:07:46 IST" duration-ms="3" status="PASS">
          <reporter-output>
            <line>
              <![CDATA[ITC2]]>
            </line>
          </reporter-output>
        </test-method> <!-- it2 -->
        <test-method signature="it3()[pri:0, instance:testNGFlags.GroupsFlag@5223e5ee]" started-at="2023-05-29T19:07:46 IST" name="it3" finished-at="2023-05-29T19:07:46 IST" duration-ms="3" status="PASS">
          <reporter-output>
            <line>
              <![CDATA[ITC3]]>
            </line>
          </reporter-output>
        </test-method> <!-- it3 -->
      </class> <!-- testNGFlags.GroupsFlag -->
    </test> <!-- Test -->
  </suite> <!-- Suite -->
</testng-results>
