<?xml version="1.0" encoding="UTF-8"?>
<!-- Generated by org.testng.reporters.JUnitXMLReporter -->
<testsuite ignored="0" hostname="DESKTOP-H9H9UJC" failures="1" tests="1" name="Default test(failed)(failed)" time="89.403" errors="0" timestamp="2023-05-27T22:32:06 IST">
  <testcase classname="dynamicScreenShot.TestCase" name="login" time="5.597">
    <failure type="java.lang.AssertionError" message="null">
      <![CDATA[java.lang.AssertionError: null
at dynamicScreenShot.TestCase.login(TestCase.java:13)
at java.base/java.util.ArrayList.forEach(ArrayList.java:1511)
... Removed 27 stack frames]]>
    </failure>
  </testcase> <!-- login -->
</testsuite> <!-- Default test(failed)(failed) -->
